2019-11-01 13:41:27,209 [main] - args 0 C:\cisco_ciscorouter\server\com\cisco\ciscorouter/file/instrumentation/Main.js
2019-11-01 13:41:27,210 [main] - args 1 192.168.117.103
2019-11-01 13:41:27,210 [main] - args 2 161
2019-11-01 13:41:27,210 [main] - args 3 public
2019-11-01 13:41:27,211 [main] - args 4 public
2019-11-01 13:41:27,211 [main] - args 5 162
2019-11-01 13:41:27,211 [main] - args 6 0
2019-11-01 13:41:27,211 [main] - args 7 com.cisco.ciscorouter.file.instrumentation.InstrumentationManager
2019-11-01 13:41:27,211 [main] - /C:/cisco_ciscorouter/
2019-11-01 13:41:27,211 [main] - /C:/cisco_ciscorouter/server/
2019-11-01 13:41:27,211 [main] - /C:/cisco_ciscorouter/classes/server/
2019-11-01 13:41:27,211 [main] - /C:/Users/ikonnikov.a/netboss-sdks/agentsdk/common/lib/com.netboss.agentsdk.jar
2019-11-01 13:41:27,211 [main] - /C:/Users/ikonnikov.a/netboss-sdks/agentsdk/res/config/log4j.xml
2019-11-01 13:41:27,212 [main] - /C:/XADE/eclipse/plugins/org.eclipse.swt.win32.win32.x86_64_3.103.2.v20150203-1351.jar
2019-11-01 13:41:27,212 [main] - /C:/XADE/eclipse/plugins/org.eclipse.wst.jsdt.debug.transport_1.0.200.v201402051800.jar
2019-11-01 13:41:27,212 [main] - /C:/XADE/eclipse/plugins/org.eclipse.wst.jsdt.debug.rhino.debugger_1.0.400.v201402051800.jar
2019-11-01 13:41:27,212 [main] - /C:/XADE/eclipse/plugins/org.eclipse.wst.jsdt.debug.rhino_1.0.300.v201402051800.jar
2019-11-01 13:41:27,212 [main] - /C:/Users/ikonnikov.a/netboss-sdks/agentsdk/common/lib/com.netboss.agents.jssimulator.jar
2019-11-01 13:41:27,212 [main] - /C:/Users/ikonnikov.a/netboss-sdks/agentsdk/common/lib/commands.jar
2019-11-01 13:41:27,212 [main] - /C:/Users/ikonnikov.a/netboss-sdks/agentsdk/common/lib/commons-collections.jar
2019-11-01 13:41:27,213 [main] - /C:/Users/ikonnikov.a/netboss-sdks/agentsdk/common/lib/commons-io.jar
2019-11-01 13:41:27,213 [main] - /C:/Users/ikonnikov.a/netboss-sdks/agentsdk/common/lib/commons-lang.jar
2019-11-01 13:41:27,213 [main] - /C:/Users/ikonnikov.a/netboss-sdks/agentsdk/common/lib/commons-logging.jar
2019-11-01 13:41:27,213 [main] - /C:/Users/ikonnikov.a/netboss-sdks/agentsdk/common/lib/commons-net.jar
2019-11-01 13:41:27,213 [main] - /C:/Users/ikonnikov.a/netboss-sdks/agentsdk/common/lib/dom4j.jar
2019-11-01 13:41:27,213 [main] - /C:/Users/ikonnikov.a/netboss-sdks/agentsdk/common/lib/equinox_common.jar
2019-11-01 13:41:27,213 [main] - /C:/Users/ikonnikov.a/netboss-sdks/agentsdk/common/lib/httpclient-osgi.jar
2019-11-01 13:41:27,214 [main] - /C:/Users/ikonnikov.a/netboss-sdks/agentsdk/common/lib/jasypt-hibernate3.jar
2019-11-01 13:41:27,214 [main] - /C:/Users/ikonnikov.a/netboss-sdks/agentsdk/common/lib/jasypt-spring2.jar
2019-11-01 13:41:27,214 [main] - /C:/Users/ikonnikov.a/netboss-sdks/agentsdk/common/lib/jasypt-springsecurity2.jar
2019-11-01 13:41:27,214 [main] - /C:/Users/ikonnikov.a/netboss-sdks/agentsdk/common/lib/jasypt.jar
2019-11-01 13:41:27,214 [main] - /C:/Users/ikonnikov.a/netboss-sdks/agentsdk/common/lib/jface.jar
2019-11-01 13:41:27,214 [main] - /C:/Users/ikonnikov.a/netboss-sdks/agentsdk/common/lib/js.jar
2019-11-01 13:41:27,214 [main] - /C:/Users/ikonnikov.a/netboss-sdks/agentsdk/common/lib/jsch.jar
2019-11-01 13:41:27,214 [main] - /C:/Users/ikonnikov.a/netboss-sdks/agentsdk/common/lib/jython-standalone.jar
2019-11-01 13:41:27,214 [main] - /C:/Users/ikonnikov.a/netboss-sdks/agentsdk/common/lib/log4j.jar
2019-11-01 13:41:27,214 [main] - /C:/Users/ikonnikov.a/netboss-sdks/agentsdk/common/lib/org.eclipse.osgi.jar
2019-11-01 13:41:27,214 [main] - /C:/Users/ikonnikov.a/netboss-sdks/agentsdk/common/lib/org.eclipse.wst.jsdt.debug.rhino.debugger.jar
2019-11-01 13:41:27,215 [main] - /C:/Users/ikonnikov.a/netboss-sdks/agentsdk/common/lib/org.eclipse.wst.jsdt.debug.rhino.jar
2019-11-01 13:41:27,215 [main] - /C:/Users/ikonnikov.a/netboss-sdks/agentsdk/common/lib/org.eclipse.wst.jsdt.debug.transport.jar
2019-11-01 13:41:27,215 [main] - /C:/Users/ikonnikov.a/netboss-sdks/agentsdk/common/lib/poi.jar
2019-11-01 13:41:27,215 [main] - /C:/Users/ikonnikov.a/netboss-sdks/agentsdk/common/lib/snmp4j.jar
2019-11-01 13:41:27,215 [main] - /C:/Users/ikonnikov.a/netboss-sdks/agentsdk/common/lib/spring-beans.jar
2019-11-01 13:41:27,215 [main] - /C:/Users/ikonnikov.a/netboss-sdks/agentsdk/common/lib/spring-context.jar
2019-11-01 13:41:27,215 [main] - /C:/Users/ikonnikov.a/netboss-sdks/agentsdk/common/lib/spring-core.jar
2019-11-01 13:41:27,215 [main] - /C:/Users/ikonnikov.a/netboss-sdks/agentsdk/common/lib/spring-osgi-core.jar
2019-11-01 13:41:27,215 [main] - /C:/Users/ikonnikov.a/netboss-sdks/agentsdk/common/lib/spring-osgi-io.jar
2019-11-01 13:41:27,216 [main] - /C:/Users/ikonnikov.a/netboss-sdks/agentsdk/common/lib/workbench.jar
2019-11-01 13:41:27,216 [main] - /C:/Users/ikonnikov.a/netboss-sdks/agentsdk/3.0/lib/agentruntimeserver.jar
2019-11-01 13:41:27,216 [main] - /C:/Users/ikonnikov.a/netboss-sdks/agentsdk/3.0/lib/common.jar
2019-11-01 13:41:27,216 [main] - /C:/Users/ikonnikov.a/netboss-sdks/agentsdk/3.0/lib/core.jar
2019-11-01 13:41:27,216 [main] - /C:/Users/ikonnikov.a/netboss-sdks/agentsdk/3.0/lib/integration.jar
2019-11-01 13:41:27,216 [main] - /C:/Users/ikonnikov.a/netboss-sdks/agentsdk/3.0/lib/legacycommon.jar
2019-11-01 13:41:27,216 [main] - /C:/Users/ikonnikov.a/netboss-sdks/agentsdk/3.0/lib/metadata.jar
2019-11-01 13:41:27,216 [main] - /C:/Users/ikonnikov.a/netboss-sdks/agentsdk/3.0/lib/schema-generation.jar
2019-11-01 13:41:27,216 [main] - /C:/Users/ikonnikov.a/netboss-sdks/agentsdk/3.0/lib/server.jar
2019-11-01 13:41:27,216 [main] - /C:/Users/ikonnikov.a/netboss-sdks/agentsdk/3.0/lib/shared_metadata.jar
2019-11-01 13:41:27,216 [main] - /C:/Users/ikonnikov.a/netboss-sdks/agentsdk/3.0/lib/shared_server.jar
2019-11-01 13:41:27,224 [main] - Script = C:\cisco_ciscorouter\server\com\cisco\ciscorouter/file/instrumentation/Main.js, ip = 192.168.117.103:161, read= public, write=public, debugport 0
2019-11-01 13:41:27,252 [main] - invoke(actionName = setAgentService, params = [Ljava.lang.Object;@7dc5e7b4, signature = null)
2019-11-01 13:41:27,253 [main] - invoke(actionName = setElementService, params = [Ljava.lang.Object;@7dc5e7b4, signature = null)
2019-11-01 13:41:27,253 [main] - invoke(actionName = setAlertAccessor, params = [Ljava.lang.Object;@7dc5e7b4, signature = null)
2019-11-01 13:41:27,311 [main] - put(key = SnmpHandler, value = com.netboss.adt.ide.eclipse.simulation.js.SimulatorSnmpHandler@11028347)
2019-11-01 13:41:27,312 [main] - put(key = summAlarmOidsDict, value = {})
2019-11-01 13:41:27,312 [main] - put(key = configDict, value = {})
2019-11-01 13:41:27,312 [main] - put(key = attributeDict, value = {})
2019-11-01 13:41:27,312 [main] - put(key = alarmDict, value = {})
2019-11-01 13:41:27,312 [main] - put(key = alarmOidsDict, value = {})
2019-11-01 13:41:27,312 [main] - put(key = InstrumentationManager, value = com.cisco.ciscorouter.file.instrumentation.InstrumentationManager@14899482)
2019-11-01 13:41:27,312 [main] - put(key = SystemHandler, value = com.netboss.adt.ide.eclipse.simulation.js.JsSimulationManager@21588809)
2019-11-01 13:41:27,312 [main] - put(key = IndicationHandler, value = com.netboss.adt.ide.eclipse.simulation.js.JsSimulationManager@21588809)
2019-11-01 13:41:27,312 [main] - put(key = Logger, value = com.netboss.adt.ide.eclipse.simulation.js.JsSimulationManager$Logger@2aae9190)
2019-11-01 13:41:28,321 [main] - DEBUG:called:AbstractSharedEngineInstMgr::updateAssociatedIpAddresses()
2019-11-01 13:41:28,322 [main] - ERROR::Secondary attribute = IPAddress
2019-11-01 13:41:28,324 [main] - DEBUG:ASSOCIATED_IP=null:AbstractSharedEngineInstMgr::updateAssociatedIpAddresses()
2019-11-01 13:41:28,327 [main] - get(key = Logger)
2019-11-01 13:41:28,327 [main] - get(key = ContextHelper)
2019-11-01 13:41:28,327 [main] - get(key = IndicationHandler)
2019-11-01 13:41:28,327 [main] - put(key = ConfigHandler, value = com.cisco.ciscorouter.file.instrumentation.InstrumentationManager$ConfigHandler@7b1d7fff)
2019-11-01 13:41:28,329 [main] - get(key = Logger)
2019-11-01 13:41:28,329 [main] - get(key = ContextHelper)
2019-11-01 13:41:28,329 [main] - get(key = IndicationHandler)
2019-11-01 13:41:28,330 [main] - put(key = AlarmHandler, value = com.cisco.ciscorouter.file.instrumentation.InstrumentationManager$AlarmHandler@6bc168e5)
2019-11-01 13:41:28,332 [main] - get(key = Logger)
2019-11-01 13:41:28,333 [main] - get(key = ContextHelper)
2019-11-01 13:41:28,333 [main] - get(key = IndicationHandler)
2019-11-01 13:41:28,333 [main] - put(key = AttributeHandler, value = com.cisco.ciscorouter.file.instrumentation.InstrumentationManager$AttributeHandler@136432db)
2019-11-01 13:41:28,334 [main] - DEBUG:com.cisco.ciscorouter.file.instrumentation.InstrumentationManager::executeScript():Loading script =C:\cisco_ciscorouter\server\com\cisco\ciscorouter/file/instrumentation/Main.js
2019-11-01 13:41:28,385 [main] - DEBUG:InstrumentationManager :: sendSystemAlarm():called
2019-11-01 13:41:28,385 [main] - INFO:InstrumentationManager :: sendSystemAlarm():clearing Missing Script alarm
2019-11-01 13:41:28,390 [main] - sendIndication :: called with {AlertType=4, Description=C:\cisco_ciscorouter\server\com\cisco\ciscorouter/file/instrumentation/Main.js does not exist, ProbableCause=47, UimAlertingManagedElementId=0, State=3, DisplayName=Missing Script, PerceivedSeverity=6, CimAlertingManagedElementId=null, SpecificCause=C:\cisco_ciscorouter\server\com\cisco\ciscorouter/file/instrumentation/Main.js does not exist, Caption=Missing Script}
2019-11-01 13:41:28,391 [main] - current script = this C:\cisco_ciscorouter\server\com\cisco\ciscorouter/file/instrumentation/Main.js currently it is at Main.js DEBUG
2019-11-01 13:41:28,684 [main] - DEBUG:InstrumentationManager :: sendSystemAlarm():called
2019-11-01 13:41:28,685 [main] - INFO:InstrumentationManager :: sendSystemAlarm():clearing Missing Script alarm
2019-11-01 13:41:28,692 [main] - sendIndication :: called with {AlertType=4, Description=C:\cisco_ciscorouter\server\com\cisco\ciscorouter\file\instrumentation\trapUtil.js does not exist, ProbableCause=47, UimAlertingManagedElementId=0, State=3, DisplayName=Missing Script, PerceivedSeverity=6, CimAlertingManagedElementId=null, SpecificCause=C:\cisco_ciscorouter\server\com\cisco\ciscorouter\file\instrumentation\trapUtil.js does not exist, Caption=Missing Script}
2019-11-01 13:41:28,694 [main] - ERROR:DEBUG:current script = this C:\cisco_ciscorouter\server\com\cisco\ciscorouter\file\instrumentation\trapUtil.js currently it is at trapUtil.js
2019-11-01 13:41:28,740 [main] - Failed to create a trap listener on port .
java.net.BindException: Address already in use: Cannot bind
	at java.net.DualStackPlainDatagramSocketImpl.socketBind(Native Method)
	at java.net.DualStackPlainDatagramSocketImpl.bind0(DualStackPlainDatagramSocketImpl.java:84)
	at java.net.AbstractPlainDatagramSocketImpl.bind(AbstractPlainDatagramSocketImpl.java:93)
	at java.net.DatagramSocket.bind(DatagramSocket.java:392)
	at java.net.DatagramSocket.<init>(DatagramSocket.java:242)
	at java.net.DatagramSocket.<init>(DatagramSocket.java:299)
	at org.snmp4j.transport.DefaultUdpTransportMapping.<init>(DefaultUdpTransportMapping.java:101)
	at com.netboss.adt.ide.eclipse.simulation.js.TrapReceiver.<init>(TrapReceiver.java:150)
	at com.netboss.adt.ide.eclipse.simulation.js.JsSimulationManager.initAndStartGUI(JsSimulationManager.java:766)
	at com.netboss.adt.ide.eclipse.simulation.js.JsSimulationManager.<init>(JsSimulationManager.java:638)
	at com.netboss.adt.ide.eclipse.simulation.js.JsSimulationManager.main(JsSimulationManager.java:432)
2019-11-01 13:41:28,745 [Thread-1] - get(key = SnmpHandler)
2019-11-01 13:41:28,746 [Thread-1] - WARN:DefaultConfigHandler :: pollConfig():Device isn't online. Stop polling config
2019-11-01 13:41:28,747 [Thread-1] - DEBUG:InstrumentationManager :: executeFunction():Running Function =Configuration
2019-11-01 13:41:28,988 [Thread-1] - INFO:Main.js:Name :CiscoInterface.1
2019-11-01 13:41:28,990 [Thread-1] - INFO:Main.js:DisplayName :CiscoInterface.1
2019-11-01 13:41:28,990 [Thread-1] - INFO:Main.js:ElementType :Grouping
2019-11-01 13:41:28,993 [Thread-1] - INFO:Main.js:CustomClassName :UIM_CiscoInterface
2019-11-01 13:41:28,997 [Thread-1] - INFO:Main.js:Name :CiscoInterface.3
2019-11-01 13:41:28,998 [Thread-1] - INFO:Main.js:DisplayName :CiscoInterface.3
2019-11-01 13:41:28,999 [Thread-1] - INFO:Main.js:ElementType :Grouping
2019-11-01 13:41:29,000 [Thread-1] - INFO:Main.js:CustomClassName :UIM_CiscoInterface
2019-11-01 13:41:29,001 [Thread-1] - INFO:Main.js:Name :CiscoInterface.4
2019-11-01 13:41:29,001 [Thread-1] - INFO:Main.js:DisplayName :CiscoInterface.4
2019-11-01 13:41:29,002 [Thread-1] - INFO:Main.js:ElementType :Grouping
2019-11-01 13:41:29,002 [Thread-1] - INFO:Main.js:CustomClassName :UIM_CiscoInterface
2019-11-01 13:41:29,003 [Thread-1] - DEBUG:InstrumentationManager :: executeFunction():function Configuration;return= 
2019-11-01 13:41:29,004 [Thread-1] - Instantiation component for UIM_CiscoInterface is not found, use the default one. WARN
2019-11-01 13:41:29,005 [Thread-1] - DEBUG:InstrumentationManager :: createInstance():Properties did not contain a parent to create the managed object for
2019-11-01 13:41:29,006 [Thread-1] - INFO:InstrumentationManager :: createInstance():Parent ID  = 0
2019-11-01 13:41:29,006 [Thread-1] - MO id = test 
2019-11-01 13:41:29,008 [Thread-1] - createActualElement ::Properties did not contain a parent to create the managed object for CiscoInterface.1
2019-11-01 13:41:29,008 [Thread-1] - createActualElement :: Instance = CiscoInterface.1Parent ID  = 0 null
2019-11-01 13:41:29,009 [Thread-1] - MO id = 2 
2019-11-01 13:41:29,011 [Thread-1] - Instantiation component for UIM_CiscoInterface is not found, use the default one. WARN
2019-11-01 13:41:29,012 [Thread-1] - DEBUG:InstrumentationManager :: createInstance():Properties did not contain a parent to create the managed object for
2019-11-01 13:41:29,012 [Thread-1] - INFO:InstrumentationManager :: createInstance():Parent ID  = 0
2019-11-01 13:41:29,012 [Thread-1] - MO id = test 
2019-11-01 13:41:29,013 [Thread-1] - createActualElement ::Properties did not contain a parent to create the managed object for CiscoInterface.3
2019-11-01 13:41:29,013 [Thread-1] - createActualElement :: Instance = CiscoInterface.3Parent ID  = 0 null
2019-11-01 13:41:29,013 [Thread-1] - MO id = 3 
2019-11-01 13:41:29,014 [Thread-1] - Instantiation component for UIM_CiscoInterface is not found, use the default one. WARN
2019-11-01 13:41:29,015 [Thread-1] - DEBUG:InstrumentationManager :: createInstance():Properties did not contain a parent to create the managed object for
2019-11-01 13:41:29,016 [Thread-1] - INFO:InstrumentationManager :: createInstance():Parent ID  = 0
2019-11-01 13:41:29,016 [Thread-1] - MO id = test 
2019-11-01 13:41:29,020 [Thread-1] - createActualElement ::Properties did not contain a parent to create the managed object for CiscoInterface.4
2019-11-01 13:41:29,020 [Thread-1] - createActualElement :: Instance = CiscoInterface.4Parent ID  = 0 null
2019-11-01 13:41:29,021 [Thread-1] - MO id = 4 
2019-11-01 13:41:29,023 [Thread-1] - Polling Attributes Started DefaultAttributeHandler :: pollAttrs()
2019-11-01 13:41:29,023 [Thread-1] - get(key = SnmpHandler)
2019-11-01 13:41:29,024 [Thread-1] - WARN:DefaultAttributeHandler :: pollAttrs():Device isn't online. Stop polling attrs
2019-11-01 13:41:29,025 [Thread-1] - DEBUG:InstrumentationManager :: executeFunction():Running Function =Attributes
2019-11-01 13:41:29,456 [Thread-1] - INFO:Main.js:Description :FastEthernet0/0
2019-11-01 13:41:29,457 [Thread-1] - INFO:InstrumentationManager :: getInstanceID():Name lookup for CiscoInterface.1
2019-11-01 13:41:29,457 [Thread-1] - INFO:Main.js:Type :6
2019-11-01 13:41:29,458 [Thread-1] - INFO:InstrumentationManager :: getInstanceID():Name lookup for CiscoInterface.1
2019-11-01 13:41:29,458 [Thread-1] - INFO:Main.js:Mtu :1500
2019-11-01 13:41:29,459 [Thread-1] - INFO:InstrumentationManager :: getInstanceID():Name lookup for CiscoInterface.1
2019-11-01 13:41:29,460 [Thread-1] - INFO:Main.js:Speed :100000000
2019-11-01 13:41:29,460 [Thread-1] - INFO:InstrumentationManager :: getInstanceID():Name lookup for CiscoInterface.1
2019-11-01 13:41:29,461 [Thread-1] - INFO:Main.js:PhysicalAddress :00:0f:24:af:19:3a
2019-11-01 13:41:29,462 [Thread-1] - INFO:InstrumentationManager :: getInstanceID():Name lookup for CiscoInterface.1
2019-11-01 13:41:29,462 [Thread-1] - INFO:Main.js:AdminStatus :1
2019-11-01 13:41:29,464 [Thread-1] - INFO:InstrumentationManager :: getInstanceID():Name lookup for CiscoInterface.1
2019-11-01 13:41:29,465 [Thread-1] - INFO:Main.js:OperStatus :1
2019-11-01 13:41:29,465 [Thread-1] - INFO:InstrumentationManager :: getInstanceID():Name lookup for CiscoInterface.1
2019-11-01 13:41:29,466 [Thread-1] - INFO:Main.js:LastChange :3252
2019-11-01 13:41:29,467 [Thread-1] - INFO:InstrumentationManager :: getInstanceID():Name lookup for CiscoInterface.1
2019-11-01 13:41:29,467 [Thread-1] - INFO:Main.js:InOctets :3604110976
2019-11-01 13:41:29,467 [Thread-1] - INFO:InstrumentationManager :: getInstanceID():Name lookup for CiscoInterface.1
2019-11-01 13:41:29,468 [Thread-1] - INFO:Main.js:InUcastPkts :20418683
2019-11-01 13:41:29,469 [Thread-1] - INFO:InstrumentationManager :: getInstanceID():Name lookup for CiscoInterface.1
2019-11-01 13:41:29,469 [Thread-1] - INFO:Main.js:InDiscards :154
2019-11-01 13:41:29,470 [Thread-1] - INFO:InstrumentationManager :: getInstanceID():Name lookup for CiscoInterface.1
2019-11-01 13:41:29,470 [Thread-1] - INFO:Main.js:InError :5
2019-11-01 13:41:29,471 [Thread-1] - INFO:InstrumentationManager :: getInstanceID():Name lookup for CiscoInterface.1
2019-11-01 13:41:29,472 [Thread-1] - INFO:Main.js:InUnknownProtos :0
2019-11-01 13:41:29,472 [Thread-1] - INFO:InstrumentationManager :: getInstanceID():Name lookup for CiscoInterface.1
2019-11-01 13:41:29,473 [Thread-1] - INFO:Main.js:OutOctets :589930351
2019-11-01 13:41:29,474 [Thread-1] - INFO:InstrumentationManager :: getInstanceID():Name lookup for CiscoInterface.1
2019-11-01 13:41:29,474 [Thread-1] - INFO:Main.js:OutUcastPkts :23501788
2019-11-01 13:41:29,474 [Thread-1] - INFO:InstrumentationManager :: getInstanceID():Name lookup for CiscoInterface.1
2019-11-01 13:41:29,475 [Thread-1] - INFO:Main.js:OutDiscards :0
2019-11-01 13:41:29,476 [Thread-1] - INFO:InstrumentationManager :: getInstanceID():Name lookup for CiscoInterface.1
2019-11-01 13:41:29,476 [Thread-1] - INFO:Main.js:OutErrors :0
2019-11-01 13:41:29,477 [Thread-1] - INFO:InstrumentationManager :: getInstanceID():Name lookup for CiscoInterface.1
2019-11-01 13:41:29,477 [Thread-1] - INFO:Main.js:Description :Null0
2019-11-01 13:41:29,478 [Thread-1] - INFO:InstrumentationManager :: getInstanceID():Name lookup for CiscoInterface.3
2019-11-01 13:41:29,478 [Thread-1] - INFO:Main.js:Type :1
2019-11-01 13:41:29,479 [Thread-1] - INFO:InstrumentationManager :: getInstanceID():Name lookup for CiscoInterface.3
2019-11-01 13:41:29,479 [Thread-1] - INFO:Main.js:Mtu :1500
2019-11-01 13:41:29,479 [Thread-1] - INFO:InstrumentationManager :: getInstanceID():Name lookup for CiscoInterface.3
2019-11-01 13:41:29,480 [Thread-1] - INFO:Main.js:Speed :4294967295
2019-11-01 13:41:29,480 [Thread-1] - INFO:InstrumentationManager :: getInstanceID():Name lookup for CiscoInterface.3
2019-11-01 13:41:29,481 [Thread-1] - INFO:Main.js:PhysicalAddress :
2019-11-01 13:41:29,481 [Thread-1] - INFO:InstrumentationManager :: getInstanceID():Name lookup for CiscoInterface.3
2019-11-01 13:41:29,482 [Thread-1] - INFO:Main.js:AdminStatus :1
2019-11-01 13:41:29,482 [Thread-1] - INFO:InstrumentationManager :: getInstanceID():Name lookup for CiscoInterface.3
2019-11-01 13:41:29,482 [Thread-1] - INFO:Main.js:OperStatus :1
2019-11-01 13:41:29,483 [Thread-1] - INFO:InstrumentationManager :: getInstanceID():Name lookup for CiscoInterface.3
2019-11-01 13:41:29,483 [Thread-1] - INFO:Main.js:LastChange :0
2019-11-01 13:41:29,484 [Thread-1] - INFO:InstrumentationManager :: getInstanceID():Name lookup for CiscoInterface.3
2019-11-01 13:41:29,484 [Thread-1] - INFO:Main.js:InOctets :0
2019-11-01 13:41:29,485 [Thread-1] - INFO:InstrumentationManager :: getInstanceID():Name lookup for CiscoInterface.3
2019-11-01 13:41:29,485 [Thread-1] - INFO:Main.js:InUcastPkts :0
2019-11-01 13:41:29,486 [Thread-1] - INFO:InstrumentationManager :: getInstanceID():Name lookup for CiscoInterface.3
2019-11-01 13:41:29,486 [Thread-1] - INFO:Main.js:InDiscards :0
2019-11-01 13:41:29,487 [Thread-1] - INFO:InstrumentationManager :: getInstanceID():Name lookup for CiscoInterface.3
2019-11-01 13:41:29,487 [Thread-1] - INFO:Main.js:InError :0
2019-11-01 13:41:29,487 [Thread-1] - INFO:InstrumentationManager :: getInstanceID():Name lookup for CiscoInterface.3
2019-11-01 13:41:29,488 [Thread-1] - INFO:Main.js:InUnknownProtos :0
2019-11-01 13:41:29,488 [Thread-1] - INFO:InstrumentationManager :: getInstanceID():Name lookup for CiscoInterface.3
2019-11-01 13:41:29,489 [Thread-1] - INFO:Main.js:OutOctets :0
2019-11-01 13:41:29,489 [Thread-1] - INFO:InstrumentationManager :: getInstanceID():Name lookup for CiscoInterface.3
2019-11-01 13:41:29,490 [Thread-1] - INFO:Main.js:OutUcastPkts :0
2019-11-01 13:41:29,490 [Thread-1] - INFO:InstrumentationManager :: getInstanceID():Name lookup for CiscoInterface.3
2019-11-01 13:41:29,491 [Thread-1] - INFO:Main.js:OutDiscards :0
2019-11-01 13:41:29,491 [Thread-1] - INFO:InstrumentationManager :: getInstanceID():Name lookup for CiscoInterface.3
2019-11-01 13:41:29,494 [Thread-1] - INFO:Main.js:OutErrors :0
2019-11-01 13:41:29,495 [Thread-1] - INFO:InstrumentationManager :: getInstanceID():Name lookup for CiscoInterface.3
2019-11-01 13:41:29,495 [Thread-1] - INFO:Main.js:Description :E1 0/0
2019-11-01 13:41:29,496 [Thread-1] - INFO:InstrumentationManager :: getInstanceID():Name lookup for CiscoInterface.4
2019-11-01 13:41:29,496 [Thread-1] - INFO:Main.js:Type :18
2019-11-01 13:41:29,497 [Thread-1] - INFO:InstrumentationManager :: getInstanceID():Name lookup for CiscoInterface.4
2019-11-01 13:41:29,497 [Thread-1] - INFO:Main.js:Speed :2048000
2019-11-01 13:41:29,498 [Thread-1] - INFO:InstrumentationManager :: getInstanceID():Name lookup for CiscoInterface.4
2019-11-01 13:41:29,498 [Thread-1] - INFO:Main.js:PhysicalAddress :
2019-11-01 13:41:29,499 [Thread-1] - INFO:InstrumentationManager :: getInstanceID():Name lookup for CiscoInterface.4
2019-11-01 13:41:29,499 [Thread-1] - INFO:Main.js:AdminStatus :1
2019-11-01 13:41:29,500 [Thread-1] - INFO:InstrumentationManager :: getInstanceID():Name lookup for CiscoInterface.4
2019-11-01 13:41:29,502 [Thread-1] - INFO:Main.js:OperStatus :2
2019-11-01 13:41:29,503 [Thread-1] - INFO:InstrumentationManager :: getInstanceID():Name lookup for CiscoInterface.4
2019-11-01 13:41:29,503 [Thread-1] - INFO:Main.js:LastChange :0
2019-11-01 13:41:29,504 [Thread-1] - INFO:InstrumentationManager :: getInstanceID():Name lookup for CiscoInterface.4
2019-11-01 13:41:29,504 [Thread-1] - DEBUG:InstrumentationManager :: executeFunction():function Attributes;return= Success
2019-11-01 13:41:29,505 [Thread-1] - 
2019-11-01 13:41:29,506 [Thread-1] - Polling Alarms Started DefaultAlarmHandler :: pollAllAlarms()
2019-11-01 13:41:29,506 [Thread-1] - get(key = SnmpHandler)
2019-11-01 13:41:29,506 [Thread-1] - WARN:DefaultAlarmHandler :: pollAllAlarms():Device isn't online. Stop polling alarms
2019-11-01 13:41:29,507 [Thread-1] - DEBUG:InstrumentationManager :: executeFunction():Running Function =Alarm
2019-11-01 13:41:29,611 [Thread-1] - ReferenceError: "ifTrap" is not defined. (C:\cisco_ciscorouter\server\com\cisco\ciscorouter/file/instrumentation/Main.js#43)
2019-11-01 13:41:29,612 [Thread-1] - WARN:InstrumentationManager :: executeFunction():Exception occured calling Error Handler function call for  Alarm
2019-11-01 13:41:29,628 [Thread-1] - WARN:InstrumentationManager :: executeFunction():Running Error Handler function call for  Alarm return was null
2019-11-01 13:41:29,629 [Thread-1] - DEBUG:InstrumentationManager :: executeFunction():Function parameter 0 Alarm
2019-11-01 13:41:29,629 [Thread-1] - DEBUG:InstrumentationManager :: executeFunction():Function parameter 1 [Ljava.lang.Object;@484bb33f
2019-11-01 13:41:29,644 [Thread-1] - DEBUG:InstrumentationManager :: executeFunction():Function parameter 2 org.mozilla.javascript.EcmaError: ReferenceError: "ifTrap" is not defined. (C:\cisco_ciscorouter\server\com\cisco\ciscorouter/file/instrumentation/Main.js#43)
	at org.mozilla.javascript.ScriptRuntime.constructError(ScriptRuntime.java:3687)
	at org.mozilla.javascript.ScriptRuntime.constructError(ScriptRuntime.java:3665)
	at org.mozilla.javascript.ScriptRuntime.notFoundError(ScriptRuntime.java:3750)
	at org.mozilla.javascript.ScriptRuntime.name(ScriptRuntime.java:1728)
	at org.mozilla.javascript.gen.C__cisco_ciscorouter_server_com_cisco_ciscorouter_file_instrumentation_Main_js_1._c_Alarm_2(C:\cisco_ciscorouter\server\com\cisco\ciscorouter/file/instrumentation/Main.js:43)
	at org.mozilla.javascript.gen.C__cisco_ciscorouter_server_com_cisco_ciscorouter_file_instrumentation_Main_js_1.call(C:\cisco_ciscorouter\server\com\cisco\ciscorouter/file/instrumentation/Main.js)
	at org.mozilla.javascript.ContextFactory.doTopCall(ContextFactory.java:394)
	at org.mozilla.javascript.ScriptRuntime.doTopCall(ScriptRuntime.java:3091)
	at org.mozilla.javascript.gen.C__cisco_ciscorouter_server_com_cisco_ciscorouter_file_instrumentation_Main_js_1.call(C:\cisco_ciscorouter\server\com\cisco\ciscorouter/file/instrumentation/Main.js)
	at com.cisco.ciscorouter.file.instrumentation.InstrumentationManager.executeFunction(InstrumentationManager.java:971)
	at com.cisco.ciscorouter.file.instrumentation.InstrumentationManager$AlarmHandler.pollAllAlarms(InstrumentationManager.java:93)
	at com.cisco.ciscorouter.file.instrumentation.InstrumentationManager.invoke(InstrumentationManager.java:1501)
	at com.netboss.adt.ide.eclipse.simulation.js.JsSimulationManager.instrumentationManagerInvoke(JsSimulationManager.java:2743)
	at com.netboss.adt.ide.eclipse.simulation.js.JsSimulationManager.synchronizeAlarm(JsSimulationManager.java:3462)
	at com.netboss.adt.ide.eclipse.simulation.js.JsSimulationManager.synchronizeDevice(JsSimulationManager.java:3500)
	at com.netboss.adt.ide.eclipse.simulation.js.JsSimulationManager.invoke(JsSimulationManager.java:2759)
	at com.netboss.adt.ide.eclipse.simulation.js.JsSimulationManager$4.run(JsSimulationManager.java:782)
	at java.lang.Thread.run(Thread.java:748)

2019-11-01 13:41:29,647 [Thread-1] - DEBUG:InstrumentationManager :: executeFunction():Running Function =ErrorHandler
2019-11-01 13:41:29,648 [Thread-1] - DEBUG:Main.js:Handling Error on Alarm
2019-11-01 13:41:29,649 [Thread-1] - DEBUG:InstrumentationManager :: executeFunction():function ErrorHandler;return= success
2019-11-01 13:41:29,651 [Thread-1] - DEBUG:InstrumentationManager :: executeFunction():Running Function =Performance
2019-11-01 13:41:29,652 [Thread-1] - DEBUG:InstrumentationManager :: executeFunction():function Performance;return= Success
2019-11-01 13:41:29,653 [Thread-1] - DEBUG:InstrumentationManager :: pollAllPerformance():Performance Poll returned Success
