2019-11-01 15:45:46,722 [main] - args 0 C:\cisco_ciscorouter\server\com\cisco\ciscorouter/file/instrumentation/Main.js
2019-11-01 15:45:46,723 [main] - args 1 192.168.117.103
2019-11-01 15:45:46,723 [main] - args 2 161
2019-11-01 15:45:46,723 [main] - args 3 public
2019-11-01 15:45:46,723 [main] - args 4 public
2019-11-01 15:45:46,723 [main] - args 5 162
2019-11-01 15:45:46,723 [main] - args 6 0
2019-11-01 15:45:46,724 [main] - args 7 com.cisco.ciscorouter.file.instrumentation.InstrumentationManager
2019-11-01 15:45:46,724 [main] - /C:/cisco_ciscorouter/
2019-11-01 15:45:46,724 [main] - /C:/cisco_ciscorouter/server/
2019-11-01 15:45:46,724 [main] - /C:/cisco_ciscorouter/classes/server/
2019-11-01 15:45:46,724 [main] - /C:/Users/ikonnikov.a/netboss-sdks/agentsdk/common/lib/com.netboss.agentsdk.jar
2019-11-01 15:45:46,724 [main] - /C:/Users/ikonnikov.a/netboss-sdks/agentsdk/res/config/log4j.xml
2019-11-01 15:45:46,724 [main] - /C:/XADE/eclipse/plugins/org.eclipse.swt.win32.win32.x86_64_3.103.2.v20150203-1351.jar
2019-11-01 15:45:46,725 [main] - /C:/XADE/eclipse/plugins/org.eclipse.wst.jsdt.debug.transport_1.0.200.v201402051800.jar
2019-11-01 15:45:46,725 [main] - /C:/XADE/eclipse/plugins/org.eclipse.wst.jsdt.debug.rhino.debugger_1.0.400.v201402051800.jar
2019-11-01 15:45:46,725 [main] - /C:/XADE/eclipse/plugins/org.eclipse.wst.jsdt.debug.rhino_1.0.300.v201402051800.jar
2019-11-01 15:45:46,725 [main] - /C:/Users/ikonnikov.a/netboss-sdks/agentsdk/common/lib/com.netboss.agents.jssimulator.jar
2019-11-01 15:45:46,725 [main] - /C:/Users/ikonnikov.a/netboss-sdks/agentsdk/common/lib/commands.jar
2019-11-01 15:45:46,725 [main] - /C:/Users/ikonnikov.a/netboss-sdks/agentsdk/common/lib/commons-collections.jar
2019-11-01 15:45:46,725 [main] - /C:/Users/ikonnikov.a/netboss-sdks/agentsdk/common/lib/commons-io.jar
2019-11-01 15:45:46,725 [main] - /C:/Users/ikonnikov.a/netboss-sdks/agentsdk/common/lib/commons-lang.jar
2019-11-01 15:45:46,725 [main] - /C:/Users/ikonnikov.a/netboss-sdks/agentsdk/common/lib/commons-logging.jar
2019-11-01 15:45:46,725 [main] - /C:/Users/ikonnikov.a/netboss-sdks/agentsdk/common/lib/commons-net.jar
2019-11-01 15:45:46,725 [main] - /C:/Users/ikonnikov.a/netboss-sdks/agentsdk/common/lib/dom4j.jar
2019-11-01 15:45:46,725 [main] - /C:/Users/ikonnikov.a/netboss-sdks/agentsdk/common/lib/equinox_common.jar
2019-11-01 15:45:46,726 [main] - /C:/Users/ikonnikov.a/netboss-sdks/agentsdk/common/lib/httpclient-osgi.jar
2019-11-01 15:45:46,726 [main] - /C:/Users/ikonnikov.a/netboss-sdks/agentsdk/common/lib/jasypt-hibernate3.jar
2019-11-01 15:45:46,726 [main] - /C:/Users/ikonnikov.a/netboss-sdks/agentsdk/common/lib/jasypt-spring2.jar
2019-11-01 15:45:46,726 [main] - /C:/Users/ikonnikov.a/netboss-sdks/agentsdk/common/lib/jasypt-springsecurity2.jar
2019-11-01 15:45:46,726 [main] - /C:/Users/ikonnikov.a/netboss-sdks/agentsdk/common/lib/jasypt.jar
2019-11-01 15:45:46,726 [main] - /C:/Users/ikonnikov.a/netboss-sdks/agentsdk/common/lib/jface.jar
2019-11-01 15:45:46,726 [main] - /C:/Users/ikonnikov.a/netboss-sdks/agentsdk/common/lib/js.jar
2019-11-01 15:45:46,726 [main] - /C:/Users/ikonnikov.a/netboss-sdks/agentsdk/common/lib/jsch.jar
2019-11-01 15:45:46,726 [main] - /C:/Users/ikonnikov.a/netboss-sdks/agentsdk/common/lib/jython-standalone.jar
2019-11-01 15:45:46,726 [main] - /C:/Users/ikonnikov.a/netboss-sdks/agentsdk/common/lib/log4j.jar
2019-11-01 15:45:46,726 [main] - /C:/Users/ikonnikov.a/netboss-sdks/agentsdk/common/lib/org.eclipse.osgi.jar
2019-11-01 15:45:46,726 [main] - /C:/Users/ikonnikov.a/netboss-sdks/agentsdk/common/lib/org.eclipse.wst.jsdt.debug.rhino.debugger.jar
2019-11-01 15:45:46,726 [main] - /C:/Users/ikonnikov.a/netboss-sdks/agentsdk/common/lib/org.eclipse.wst.jsdt.debug.rhino.jar
2019-11-01 15:45:46,727 [main] - /C:/Users/ikonnikov.a/netboss-sdks/agentsdk/common/lib/org.eclipse.wst.jsdt.debug.transport.jar
2019-11-01 15:45:46,727 [main] - /C:/Users/ikonnikov.a/netboss-sdks/agentsdk/common/lib/poi.jar
2019-11-01 15:45:46,727 [main] - /C:/Users/ikonnikov.a/netboss-sdks/agentsdk/common/lib/snmp4j.jar
2019-11-01 15:45:46,727 [main] - /C:/Users/ikonnikov.a/netboss-sdks/agentsdk/common/lib/spring-beans.jar
2019-11-01 15:45:46,727 [main] - /C:/Users/ikonnikov.a/netboss-sdks/agentsdk/common/lib/spring-context.jar
2019-11-01 15:45:46,727 [main] - /C:/Users/ikonnikov.a/netboss-sdks/agentsdk/common/lib/spring-core.jar
2019-11-01 15:45:46,727 [main] - /C:/Users/ikonnikov.a/netboss-sdks/agentsdk/common/lib/spring-osgi-core.jar
2019-11-01 15:45:46,727 [main] - /C:/Users/ikonnikov.a/netboss-sdks/agentsdk/common/lib/spring-osgi-io.jar
2019-11-01 15:45:46,728 [main] - /C:/Users/ikonnikov.a/netboss-sdks/agentsdk/common/lib/workbench.jar
2019-11-01 15:45:46,728 [main] - /C:/Users/ikonnikov.a/netboss-sdks/agentsdk/3.0/lib/agentruntimeserver.jar
2019-11-01 15:45:46,728 [main] - /C:/Users/ikonnikov.a/netboss-sdks/agentsdk/3.0/lib/common.jar
2019-11-01 15:45:46,728 [main] - /C:/Users/ikonnikov.a/netboss-sdks/agentsdk/3.0/lib/core.jar
2019-11-01 15:45:46,728 [main] - /C:/Users/ikonnikov.a/netboss-sdks/agentsdk/3.0/lib/integration.jar
2019-11-01 15:45:46,728 [main] - /C:/Users/ikonnikov.a/netboss-sdks/agentsdk/3.0/lib/legacycommon.jar
2019-11-01 15:45:46,728 [main] - /C:/Users/ikonnikov.a/netboss-sdks/agentsdk/3.0/lib/metadata.jar
2019-11-01 15:45:46,728 [main] - /C:/Users/ikonnikov.a/netboss-sdks/agentsdk/3.0/lib/schema-generation.jar
2019-11-01 15:45:46,728 [main] - /C:/Users/ikonnikov.a/netboss-sdks/agentsdk/3.0/lib/server.jar
2019-11-01 15:45:46,728 [main] - /C:/Users/ikonnikov.a/netboss-sdks/agentsdk/3.0/lib/shared_metadata.jar
2019-11-01 15:45:46,729 [main] - /C:/Users/ikonnikov.a/netboss-sdks/agentsdk/3.0/lib/shared_server.jar
2019-11-01 15:45:46,736 [main] - Script = C:\cisco_ciscorouter\server\com\cisco\ciscorouter/file/instrumentation/Main.js, ip = 192.168.117.103:161, read= public, write=public, debugport 0
2019-11-01 15:45:46,770 [main] - invoke(actionName = setAgentService, params = [Ljava.lang.Object;@7dc5e7b4, signature = null)
2019-11-01 15:45:46,770 [main] - invoke(actionName = setElementService, params = [Ljava.lang.Object;@7dc5e7b4, signature = null)
2019-11-01 15:45:46,770 [main] - invoke(actionName = setAlertAccessor, params = [Ljava.lang.Object;@7dc5e7b4, signature = null)
2019-11-01 15:45:46,825 [main] - put(key = SnmpHandler, value = com.netboss.adt.ide.eclipse.simulation.js.SimulatorSnmpHandler@11028347)
2019-11-01 15:45:46,825 [main] - put(key = summAlarmOidsDict, value = {})
2019-11-01 15:45:46,825 [main] - put(key = configDict, value = {})
2019-11-01 15:45:46,826 [main] - put(key = attributeDict, value = {})
2019-11-01 15:45:46,826 [main] - put(key = alarmDict, value = {})
2019-11-01 15:45:46,826 [main] - put(key = alarmOidsDict, value = {})
2019-11-01 15:45:46,826 [main] - put(key = InstrumentationManager, value = com.cisco.ciscorouter.file.instrumentation.InstrumentationManager@14899482)
2019-11-01 15:45:46,826 [main] - put(key = SystemHandler, value = com.netboss.adt.ide.eclipse.simulation.js.JsSimulationManager@21588809)
2019-11-01 15:45:46,826 [main] - put(key = IndicationHandler, value = com.netboss.adt.ide.eclipse.simulation.js.JsSimulationManager@21588809)
2019-11-01 15:45:46,826 [main] - put(key = Logger, value = com.netboss.adt.ide.eclipse.simulation.js.JsSimulationManager$Logger@2aae9190)
2019-11-01 15:45:47,832 [main] - DEBUG:called:AbstractSharedEngineInstMgr::updateAssociatedIpAddresses()
2019-11-01 15:45:47,833 [main] - ERROR::Secondary attribute = IPAddress
2019-11-01 15:45:47,835 [main] - DEBUG:ASSOCIATED_IP=null:AbstractSharedEngineInstMgr::updateAssociatedIpAddresses()
2019-11-01 15:45:47,838 [main] - get(key = Logger)
2019-11-01 15:45:47,838 [main] - get(key = ContextHelper)
2019-11-01 15:45:47,838 [main] - get(key = IndicationHandler)
2019-11-01 15:45:47,838 [main] - put(key = ConfigHandler, value = com.cisco.ciscorouter.file.instrumentation.InstrumentationManager$ConfigHandler@7b1d7fff)
2019-11-01 15:45:47,841 [main] - get(key = Logger)
2019-11-01 15:45:47,841 [main] - get(key = ContextHelper)
2019-11-01 15:45:47,841 [main] - get(key = IndicationHandler)
2019-11-01 15:45:47,842 [main] - put(key = AlarmHandler, value = com.cisco.ciscorouter.file.instrumentation.InstrumentationManager$AlarmHandler@6bc168e5)
2019-11-01 15:45:47,846 [main] - get(key = Logger)
2019-11-01 15:45:47,846 [main] - get(key = ContextHelper)
2019-11-01 15:45:47,846 [main] - get(key = IndicationHandler)
2019-11-01 15:45:47,846 [main] - put(key = AttributeHandler, value = com.cisco.ciscorouter.file.instrumentation.InstrumentationManager$AttributeHandler@136432db)
2019-11-01 15:45:47,847 [main] - DEBUG:com.cisco.ciscorouter.file.instrumentation.InstrumentationManager::executeScript():Loading script =C:\cisco_ciscorouter\server\com\cisco\ciscorouter/file/instrumentation/Main.js
2019-11-01 15:45:47,916 [main] - DEBUG:InstrumentationManager :: sendSystemAlarm():called
2019-11-01 15:45:47,917 [main] - INFO:InstrumentationManager :: sendSystemAlarm():clearing Missing Script alarm
2019-11-01 15:45:47,922 [main] - sendIndication :: called with {AlertType=4, Description=C:\cisco_ciscorouter\server\com\cisco\ciscorouter/file/instrumentation/Main.js does not exist, ProbableCause=47, UimAlertingManagedElementId=0, State=3, DisplayName=Missing Script, PerceivedSeverity=6, CimAlertingManagedElementId=null, SpecificCause=C:\cisco_ciscorouter\server\com\cisco\ciscorouter/file/instrumentation/Main.js does not exist, Caption=Missing Script}
2019-11-01 15:45:47,924 [main] - current script = this C:\cisco_ciscorouter\server\com\cisco\ciscorouter/file/instrumentation/Main.js currently it is at Main.js DEBUG
2019-11-01 15:45:48,284 [main] - DEBUG:InstrumentationManager :: sendSystemAlarm():called
2019-11-01 15:45:48,285 [main] - INFO:InstrumentationManager :: sendSystemAlarm():clearing Missing Script alarm
2019-11-01 15:45:48,289 [main] - sendIndication :: called with {AlertType=4, Description=C:\cisco_ciscorouter\server\com\cisco\ciscorouter\file\instrumentation\trapUtil.js does not exist, ProbableCause=47, UimAlertingManagedElementId=0, State=3, DisplayName=Missing Script, PerceivedSeverity=6, CimAlertingManagedElementId=null, SpecificCause=C:\cisco_ciscorouter\server\com\cisco\ciscorouter\file\instrumentation\trapUtil.js does not exist, Caption=Missing Script}
2019-11-01 15:45:48,291 [main] - ERROR:DEBUG:current script = this C:\cisco_ciscorouter\server\com\cisco\ciscorouter\file\instrumentation\trapUtil.js currently it is at trapUtil.js
2019-11-01 15:45:48,345 [main] - Failed to create a trap listener on port .
java.net.BindException: Address already in use: Cannot bind
	at java.net.DualStackPlainDatagramSocketImpl.socketBind(Native Method)
	at java.net.DualStackPlainDatagramSocketImpl.bind0(DualStackPlainDatagramSocketImpl.java:84)
	at java.net.AbstractPlainDatagramSocketImpl.bind(AbstractPlainDatagramSocketImpl.java:93)
	at java.net.DatagramSocket.bind(DatagramSocket.java:392)
	at java.net.DatagramSocket.<init>(DatagramSocket.java:242)
	at java.net.DatagramSocket.<init>(DatagramSocket.java:299)
	at org.snmp4j.transport.DefaultUdpTransportMapping.<init>(DefaultUdpTransportMapping.java:101)
	at com.netboss.adt.ide.eclipse.simulation.js.TrapReceiver.<init>(TrapReceiver.java:150)
	at com.netboss.adt.ide.eclipse.simulation.js.JsSimulationManager.initAndStartGUI(JsSimulationManager.java:766)
	at com.netboss.adt.ide.eclipse.simulation.js.JsSimulationManager.<init>(JsSimulationManager.java:638)
	at com.netboss.adt.ide.eclipse.simulation.js.JsSimulationManager.main(JsSimulationManager.java:432)
2019-11-01 15:45:48,350 [Thread-1] - get(key = SnmpHandler)
2019-11-01 15:45:48,351 [Thread-1] - WARN:DefaultConfigHandler :: pollConfig():Device isn't online. Stop polling config
2019-11-01 15:45:48,353 [Thread-1] - DEBUG:InstrumentationManager :: executeFunction():Running Function =Configuration
2019-11-01 15:45:48,580 [Thread-1] - INFO:Main.js:Name :CiscoInterface.1
2019-11-01 15:45:48,582 [Thread-1] - INFO:Main.js:DisplayName :CiscoInterface.1
2019-11-01 15:45:48,583 [Thread-1] - INFO:Main.js:ElementType :Grouping
2019-11-01 15:45:48,583 [Thread-1] - INFO:Main.js:CustomClassName :UIM_CiscoInterface
2019-11-01 15:45:48,589 [Thread-1] - INFO:Main.js:Name :CiscoInterface.3
2019-11-01 15:45:48,593 [Thread-1] - INFO:Main.js:DisplayName :CiscoInterface.3
2019-11-01 15:45:48,595 [Thread-1] - INFO:Main.js:ElementType :Grouping
2019-11-01 15:45:48,596 [Thread-1] - INFO:Main.js:CustomClassName :UIM_CiscoInterface
2019-11-01 15:45:48,598 [Thread-1] - INFO:Main.js:Name :CiscoInterface.4
2019-11-01 15:45:48,599 [Thread-1] - INFO:Main.js:DisplayName :CiscoInterface.4
2019-11-01 15:45:48,599 [Thread-1] - INFO:Main.js:ElementType :Grouping
2019-11-01 15:45:48,600 [Thread-1] - INFO:Main.js:CustomClassName :UIM_CiscoInterface
2019-11-01 15:45:48,601 [Thread-1] - DEBUG:InstrumentationManager :: executeFunction():function Configuration;return= 
2019-11-01 15:45:48,604 [Thread-1] - Instantiation component for UIM_CiscoInterface is not found, use the default one. WARN
2019-11-01 15:45:48,606 [Thread-1] - DEBUG:InstrumentationManager :: createInstance():Properties did not contain a parent to create the managed object for
2019-11-01 15:45:48,608 [Thread-1] - INFO:InstrumentationManager :: createInstance():Parent ID  = 0
2019-11-01 15:45:48,609 [Thread-1] - MO id = test 
2019-11-01 15:45:48,612 [Thread-1] - createActualElement ::Properties did not contain a parent to create the managed object for CiscoInterface.1
2019-11-01 15:45:48,612 [Thread-1] - createActualElement :: Instance = CiscoInterface.1Parent ID  = 0 null
2019-11-01 15:45:48,613 [Thread-1] - MO id = 2 
2019-11-01 15:45:48,616 [Thread-1] - Instantiation component for UIM_CiscoInterface is not found, use the default one. WARN
2019-11-01 15:45:48,617 [Thread-1] - DEBUG:InstrumentationManager :: createInstance():Properties did not contain a parent to create the managed object for
2019-11-01 15:45:48,618 [Thread-1] - INFO:InstrumentationManager :: createInstance():Parent ID  = 0
2019-11-01 15:45:48,618 [Thread-1] - MO id = test 
2019-11-01 15:45:48,619 [Thread-1] - createActualElement ::Properties did not contain a parent to create the managed object for CiscoInterface.3
2019-11-01 15:45:48,619 [Thread-1] - createActualElement :: Instance = CiscoInterface.3Parent ID  = 0 null
2019-11-01 15:45:48,620 [Thread-1] - MO id = 3 
2019-11-01 15:45:48,621 [Thread-1] - Instantiation component for UIM_CiscoInterface is not found, use the default one. WARN
2019-11-01 15:45:48,622 [Thread-1] - DEBUG:InstrumentationManager :: createInstance():Properties did not contain a parent to create the managed object for
2019-11-01 15:45:48,623 [Thread-1] - INFO:InstrumentationManager :: createInstance():Parent ID  = 0
2019-11-01 15:45:48,624 [Thread-1] - MO id = test 
2019-11-01 15:45:48,627 [Thread-1] - createActualElement ::Properties did not contain a parent to create the managed object for CiscoInterface.4
2019-11-01 15:45:48,628 [Thread-1] - createActualElement :: Instance = CiscoInterface.4Parent ID  = 0 null
2019-11-01 15:45:48,629 [Thread-1] - MO id = 4 
2019-11-01 15:45:48,631 [Thread-1] - Polling Attributes Started DefaultAttributeHandler :: pollAttrs()
2019-11-01 15:45:48,631 [Thread-1] - get(key = SnmpHandler)
2019-11-01 15:45:48,632 [Thread-1] - WARN:DefaultAttributeHandler :: pollAttrs():Device isn't online. Stop polling attrs
2019-11-01 15:45:48,633 [Thread-1] - DEBUG:InstrumentationManager :: executeFunction():Running Function =Attributes
2019-11-01 15:45:49,049 [Thread-1] - INFO:Main.js:Description :FastEthernet0/0
2019-11-01 15:45:49,050 [Thread-1] - INFO:InstrumentationManager :: getInstanceID():Name lookup for CiscoInterface.1
2019-11-01 15:45:49,051 [Thread-1] - INFO:Main.js:Type :6
2019-11-01 15:45:49,051 [Thread-1] - INFO:InstrumentationManager :: getInstanceID():Name lookup for CiscoInterface.1
2019-11-01 15:45:49,052 [Thread-1] - INFO:Main.js:Mtu :1500
2019-11-01 15:45:49,053 [Thread-1] - INFO:InstrumentationManager :: getInstanceID():Name lookup for CiscoInterface.1
2019-11-01 15:45:49,054 [Thread-1] - INFO:Main.js:Speed :100000000
2019-11-01 15:45:49,054 [Thread-1] - INFO:InstrumentationManager :: getInstanceID():Name lookup for CiscoInterface.1
2019-11-01 15:45:49,055 [Thread-1] - INFO:Main.js:PhysicalAddress :00:0f:24:af:19:3a
2019-11-01 15:45:49,055 [Thread-1] - INFO:InstrumentationManager :: getInstanceID():Name lookup for CiscoInterface.1
2019-11-01 15:45:49,056 [Thread-1] - INFO:Main.js:AdminStatus :1
2019-11-01 15:45:49,059 [Thread-1] - INFO:InstrumentationManager :: getInstanceID():Name lookup for CiscoInterface.1
2019-11-01 15:45:49,059 [Thread-1] - INFO:Main.js:OperStatus :1
2019-11-01 15:45:49,060 [Thread-1] - INFO:InstrumentationManager :: getInstanceID():Name lookup for CiscoInterface.1
2019-11-01 15:45:49,060 [Thread-1] - INFO:Main.js:LastChange :3252
2019-11-01 15:45:49,061 [Thread-1] - INFO:InstrumentationManager :: getInstanceID():Name lookup for CiscoInterface.1
2019-11-01 15:45:49,061 [Thread-1] - INFO:Main.js:InOctets :3613188596
2019-11-01 15:45:49,062 [Thread-1] - INFO:InstrumentationManager :: getInstanceID():Name lookup for CiscoInterface.1
2019-11-01 15:45:49,063 [Thread-1] - INFO:Main.js:InUcastPkts :20488018
2019-11-01 15:45:49,063 [Thread-1] - INFO:InstrumentationManager :: getInstanceID():Name lookup for CiscoInterface.1
2019-11-01 15:45:49,064 [Thread-1] - INFO:Main.js:InDiscards :154
2019-11-01 15:45:49,065 [Thread-1] - INFO:InstrumentationManager :: getInstanceID():Name lookup for CiscoInterface.1
2019-11-01 15:45:49,065 [Thread-1] - INFO:Main.js:InError :5
2019-11-01 15:45:49,066 [Thread-1] - INFO:InstrumentationManager :: getInstanceID():Name lookup for CiscoInterface.1
2019-11-01 15:45:49,067 [Thread-1] - INFO:Main.js:InUnknownProtos :0
2019-11-01 15:45:49,067 [Thread-1] - INFO:InstrumentationManager :: getInstanceID():Name lookup for CiscoInterface.1
2019-11-01 15:45:49,068 [Thread-1] - INFO:Main.js:OutOctets :621280440
2019-11-01 15:45:49,068 [Thread-1] - INFO:InstrumentationManager :: getInstanceID():Name lookup for CiscoInterface.1
2019-11-01 15:45:49,069 [Thread-1] - INFO:Main.js:OutUcastPkts :23578068
2019-11-01 15:45:49,069 [Thread-1] - INFO:InstrumentationManager :: getInstanceID():Name lookup for CiscoInterface.1
2019-11-01 15:45:49,070 [Thread-1] - INFO:Main.js:OutDiscards :0
2019-11-01 15:45:49,071 [Thread-1] - INFO:InstrumentationManager :: getInstanceID():Name lookup for CiscoInterface.1
2019-11-01 15:45:49,071 [Thread-1] - INFO:Main.js:OutErrors :0
2019-11-01 15:45:49,072 [Thread-1] - INFO:InstrumentationManager :: getInstanceID():Name lookup for CiscoInterface.1
2019-11-01 15:45:49,072 [Thread-1] - INFO:Main.js:Description :Null0
2019-11-01 15:45:49,073 [Thread-1] - INFO:InstrumentationManager :: getInstanceID():Name lookup for CiscoInterface.3
2019-11-01 15:45:49,074 [Thread-1] - INFO:Main.js:Type :1
2019-11-01 15:45:49,074 [Thread-1] - INFO:InstrumentationManager :: getInstanceID():Name lookup for CiscoInterface.3
2019-11-01 15:45:49,074 [Thread-1] - INFO:Main.js:Mtu :1500
2019-11-01 15:45:49,075 [Thread-1] - INFO:InstrumentationManager :: getInstanceID():Name lookup for CiscoInterface.3
2019-11-01 15:45:49,075 [Thread-1] - INFO:Main.js:Speed :4294967295
2019-11-01 15:45:49,076 [Thread-1] - INFO:InstrumentationManager :: getInstanceID():Name lookup for CiscoInterface.3
2019-11-01 15:45:49,076 [Thread-1] - INFO:Main.js:PhysicalAddress :
2019-11-01 15:45:49,077 [Thread-1] - INFO:InstrumentationManager :: getInstanceID():Name lookup for CiscoInterface.3
2019-11-01 15:45:49,077 [Thread-1] - INFO:Main.js:AdminStatus :1
2019-11-01 15:45:49,078 [Thread-1] - INFO:InstrumentationManager :: getInstanceID():Name lookup for CiscoInterface.3
2019-11-01 15:45:49,078 [Thread-1] - INFO:Main.js:OperStatus :1
2019-11-01 15:45:49,079 [Thread-1] - INFO:InstrumentationManager :: getInstanceID():Name lookup for CiscoInterface.3
2019-11-01 15:45:49,079 [Thread-1] - INFO:Main.js:LastChange :0
2019-11-01 15:45:49,080 [Thread-1] - INFO:InstrumentationManager :: getInstanceID():Name lookup for CiscoInterface.3
2019-11-01 15:45:49,080 [Thread-1] - INFO:Main.js:InOctets :0
2019-11-01 15:45:49,081 [Thread-1] - INFO:InstrumentationManager :: getInstanceID():Name lookup for CiscoInterface.3
2019-11-01 15:45:49,081 [Thread-1] - INFO:Main.js:InUcastPkts :0
2019-11-01 15:45:49,082 [Thread-1] - INFO:InstrumentationManager :: getInstanceID():Name lookup for CiscoInterface.3
2019-11-01 15:45:49,083 [Thread-1] - INFO:Main.js:InDiscards :0
2019-11-01 15:45:49,083 [Thread-1] - INFO:InstrumentationManager :: getInstanceID():Name lookup for CiscoInterface.3
2019-11-01 15:45:49,084 [Thread-1] - INFO:Main.js:InError :0
2019-11-01 15:45:49,085 [Thread-1] - INFO:InstrumentationManager :: getInstanceID():Name lookup for CiscoInterface.3
2019-11-01 15:45:49,085 [Thread-1] - INFO:Main.js:InUnknownProtos :0
2019-11-01 15:45:49,086 [Thread-1] - INFO:InstrumentationManager :: getInstanceID():Name lookup for CiscoInterface.3
2019-11-01 15:45:49,087 [Thread-1] - INFO:Main.js:OutOctets :0
2019-11-01 15:45:49,088 [Thread-1] - INFO:InstrumentationManager :: getInstanceID():Name lookup for CiscoInterface.3
2019-11-01 15:45:49,089 [Thread-1] - INFO:Main.js:OutUcastPkts :0
2019-11-01 15:45:49,090 [Thread-1] - INFO:InstrumentationManager :: getInstanceID():Name lookup for CiscoInterface.3
2019-11-01 15:45:49,091 [Thread-1] - INFO:Main.js:OutDiscards :0
2019-11-01 15:45:49,091 [Thread-1] - INFO:InstrumentationManager :: getInstanceID():Name lookup for CiscoInterface.3
2019-11-01 15:45:49,092 [Thread-1] - INFO:Main.js:OutErrors :0
2019-11-01 15:45:49,092 [Thread-1] - INFO:InstrumentationManager :: getInstanceID():Name lookup for CiscoInterface.3
2019-11-01 15:45:49,093 [Thread-1] - INFO:Main.js:Description :E1 0/0
2019-11-01 15:45:49,093 [Thread-1] - INFO:InstrumentationManager :: getInstanceID():Name lookup for CiscoInterface.4
2019-11-01 15:45:49,093 [Thread-1] - INFO:Main.js:Type :18
2019-11-01 15:45:49,094 [Thread-1] - INFO:InstrumentationManager :: getInstanceID():Name lookup for CiscoInterface.4
2019-11-01 15:45:49,094 [Thread-1] - INFO:Main.js:Speed :2048000
2019-11-01 15:45:49,095 [Thread-1] - INFO:InstrumentationManager :: getInstanceID():Name lookup for CiscoInterface.4
2019-11-01 15:45:49,096 [Thread-1] - INFO:Main.js:PhysicalAddress :
2019-11-01 15:45:49,096 [Thread-1] - INFO:InstrumentationManager :: getInstanceID():Name lookup for CiscoInterface.4
2019-11-01 15:45:49,097 [Thread-1] - INFO:Main.js:AdminStatus :1
2019-11-01 15:45:49,097 [Thread-1] - INFO:InstrumentationManager :: getInstanceID():Name lookup for CiscoInterface.4
2019-11-01 15:45:49,100 [Thread-1] - INFO:Main.js:OperStatus :2
2019-11-01 15:45:49,100 [Thread-1] - INFO:InstrumentationManager :: getInstanceID():Name lookup for CiscoInterface.4
2019-11-01 15:45:49,101 [Thread-1] - INFO:Main.js:LastChange :0
2019-11-01 15:45:49,102 [Thread-1] - INFO:InstrumentationManager :: getInstanceID():Name lookup for CiscoInterface.4
2019-11-01 15:45:49,103 [Thread-1] - DEBUG:InstrumentationManager :: executeFunction():function Attributes;return= Success
2019-11-01 15:45:49,104 [Thread-1] - 
2019-11-01 15:45:49,105 [Thread-1] - Polling Alarms Started DefaultAlarmHandler :: pollAllAlarms()
2019-11-01 15:45:49,105 [Thread-1] - get(key = SnmpHandler)
2019-11-01 15:45:49,106 [Thread-1] - WARN:DefaultAlarmHandler :: pollAllAlarms():Device isn't online. Stop polling alarms
2019-11-01 15:45:49,107 [Thread-1] - DEBUG:InstrumentationManager :: executeFunction():Running Function =Alarm
2019-11-01 15:45:49,180 [Thread-1] - DEBUG:Main.js:Clearable :true
2019-11-01 15:45:49,181 [Thread-1] - DEBUG:Main.js:SpecificCause :Interface_1 Up
2019-11-01 15:45:49,181 [Thread-1] - DEBUG:Main.js:ProbableCause :1
2019-11-01 15:45:49,182 [Thread-1] - DEBUG:Main.js:AlertType :2
2019-11-01 15:45:49,182 [Thread-1] - DEBUG:Main.js:State :3
2019-11-01 15:45:49,182 [Thread-1] - DEBUG:Main.js:DisplayName :Interface Alarm
2019-11-01 15:45:49,183 [Thread-1] - DEBUG:Main.js:Description :Interface Up alarm(AdminStatus)
2019-11-01 15:45:49,183 [Thread-1] - DEBUG:Main.js:Caption :Interface_1 operStatus: 1
2019-11-01 15:45:49,184 [Thread-1] - DEBUG:Main.js:PerceivedSeverity :5
2019-11-01 15:45:49,184 [Thread-1] - DEBUG:Main.js:ManagedObject :Interface_1
2019-11-01 15:45:49,185 [Thread-1] - DEBUG:Main.js:Name :Interface_Down
2019-11-01 15:45:49,186 [Thread-1] - WARN:InstrumentationManager :: sendAlarm():Lookup of ManagedObject did not return an instance id
2019-11-01 15:45:49,189 [Thread-1] - sendIndication :: called with {Description=Interface Up alarm(AdminStatus), PerceivedSeverity=5, SpecificCause=Interface_1 Up, Caption=Interface_1 operStatus: 1, Name=Interface_Down, Clearable=true, AlertType=2, ProbableCause=1, State=3, DisplayName=Interface Alarm, UserResponsible=Device, AlertingManagedElementNameExtension=Interface_1, CimAlertingManagedElementId=0}
2019-11-01 15:45:49,193 [Thread-1] - sendIndication :: modified map {FQN=TopLevel, Description=Interface Up alarm(AdminStatus), AlertName=Interface_Down, PerceivedSeverity=5, SpecificCause=Interface_1 Up, Caption=Interface_1 operStatus: 1, Name=Interface_Down, Clearable=true, AlertType=2, ProbableCause=1, State=3, DisplayName=Interface Alarm, UserResponsible=Device, AlertingManagedElementNameExtension=Interface_1, CimAlertingManagedElementId=0, AlertingManagedElementDisplayName=TopLevel}
2019-11-01 15:45:49,194 [Thread-0] - Running in shell:true
2019-11-01 15:45:49,212 [Thread-1] - DEBUG:Main.js:Clearable :true
2019-11-01 15:45:49,213 [Thread-1] - DEBUG:Main.js:SpecificCause :Interface_3 Up
2019-11-01 15:45:49,213 [Thread-1] - DEBUG:Main.js:ProbableCause :1
2019-11-01 15:45:49,214 [Thread-1] - DEBUG:Main.js:AlertType :2
2019-11-01 15:45:49,215 [Thread-1] - DEBUG:Main.js:State :3
2019-11-01 15:45:49,215 [Thread-1] - DEBUG:Main.js:DisplayName :Interface Alarm
2019-11-01 15:45:49,216 [Thread-1] - DEBUG:Main.js:Description :Interface Up alarm(AdminStatus)
2019-11-01 15:45:49,216 [Thread-1] - DEBUG:Main.js:Caption :Interface_3 operStatus: 1
2019-11-01 15:45:49,216 [Thread-1] - DEBUG:Main.js:PerceivedSeverity :5
2019-11-01 15:45:49,217 [Thread-1] - DEBUG:Main.js:ManagedObject :Interface_3
2019-11-01 15:45:49,217 [Thread-1] - DEBUG:Main.js:Name :Interface_Down
2019-11-01 15:45:49,218 [Thread-1] - WARN:InstrumentationManager :: sendAlarm():Lookup of ManagedObject did not return an instance id
2019-11-01 15:45:49,220 [Thread-1] - sendIndication :: called with {Description=Interface Up alarm(AdminStatus), PerceivedSeverity=5, SpecificCause=Interface_3 Up, Caption=Interface_3 operStatus: 1, Name=Interface_Down, Clearable=true, AlertType=2, ProbableCause=1, State=3, DisplayName=Interface Alarm, UserResponsible=Device, AlertingManagedElementNameExtension=Interface_3, CimAlertingManagedElementId=0}
2019-11-01 15:45:49,224 [Thread-1] - sendIndication :: modified map {FQN=TopLevel, Description=Interface Up alarm(AdminStatus), AlertName=Interface_Down, PerceivedSeverity=5, SpecificCause=Interface_3 Up, Caption=Interface_3 operStatus: 1, Name=Interface_Down, Clearable=true, AlertType=2, ProbableCause=1, State=3, DisplayName=Interface Alarm, UserResponsible=Device, AlertingManagedElementNameExtension=Interface_3, CimAlertingManagedElementId=0, AlertingManagedElementDisplayName=TopLevel}
2019-11-01 15:45:49,225 [Thread-0] - Running in shell:true
2019-11-01 15:45:49,232 [Thread-1] - DEBUG:Main.js:Clearable :true
2019-11-01 15:45:49,232 [Thread-1] - DEBUG:Main.js:SpecificCause :Interface_4 Up
2019-11-01 15:45:49,233 [Thread-1] - DEBUG:Main.js:ProbableCause :1
2019-11-01 15:45:49,233 [Thread-1] - DEBUG:Main.js:AlertType :2
2019-11-01 15:45:49,234 [Thread-1] - DEBUG:Main.js:State :1
2019-11-01 15:45:49,234 [Thread-1] - DEBUG:Main.js:DisplayName :Interface Alarm
2019-11-01 15:45:49,234 [Thread-1] - DEBUG:Main.js:Description :Interface Up alarm(AdminStatus)
2019-11-01 15:45:49,235 [Thread-1] - DEBUG:Main.js:Caption :Interface_4 operStatus: 2
2019-11-01 15:45:49,236 [Thread-1] - DEBUG:Main.js:PerceivedSeverity :5
2019-11-01 15:45:49,236 [Thread-1] - DEBUG:Main.js:ManagedObject :Interface_4
2019-11-01 15:45:49,237 [Thread-1] - DEBUG:Main.js:Name :Interface_Down
2019-11-01 15:45:49,237 [Thread-1] - WARN:InstrumentationManager :: sendAlarm():Lookup of ManagedObject did not return an instance id
2019-11-01 15:45:49,240 [Thread-1] - sendIndication :: called with {Description=Interface Up alarm(AdminStatus), PerceivedSeverity=5, SpecificCause=Interface_4 Up, Caption=Interface_4 operStatus: 2, Name=Interface_Down, Clearable=true, AlertType=2, ProbableCause=1, State=1, DisplayName=Interface Alarm, UserResponsible=Device, AlertingManagedElementNameExtension=Interface_4, CimAlertingManagedElementId=0}
2019-11-01 15:45:49,244 [Thread-1] - sendIndication :: modified map {FQN=TopLevel, Description=Interface Up alarm(AdminStatus), AlertName=Interface_Down, PerceivedSeverity=5, SpecificCause=Interface_4 Up, Caption=Interface_4 operStatus: 2, Name=Interface_Down, Clearable=true, AlertType=2, ProbableCause=1, State=1, DisplayName=Interface Alarm, UserResponsible=Device, AlertingManagedElementNameExtension=Interface_4, CimAlertingManagedElementId=0, AlertingManagedElementDisplayName=TopLevel}
2019-11-01 15:45:49,244 [Thread-0] - Running in shell:true
2019-11-01 15:45:49,251 [Thread-1] - DEBUG:InstrumentationManager :: executeFunction():function Alarm;return= Success
2019-11-01 15:45:49,251 [Thread-1] - INFO:InstrumentationManager :: reconcileAlarms():Clearing 0 alerts
2019-11-01 15:45:49,253 [Thread-1] - DEBUG:InstrumentationManager :: executeFunction():Running Function =Performance
2019-11-01 15:45:49,257 [Thread-1] - DEBUG:InstrumentationManager :: executeFunction():function Performance;return= Success
2019-11-01 15:45:49,260 [Thread-1] - DEBUG:InstrumentationManager :: pollAllPerformance():Performance Poll returned Success
